#
# A fatal error has been detected by the Java Runtime Environment:
#
#  EXCEPTION_ACCESS_VIOLATION (0xc0000005) at pc=0x000000007109acb9, pid=6368, tid=0x000000000000253c
#
# JRE version: Java(TM) SE Runtime Environment (8.0_172-b11) (build 1.8.0_172-b11)
# Java VM: Java HotSpot(TM) 64-Bit Server VM (25.172-b11 mixed mode windows-amd64 compressed oops)
# Problematic frame:
# V  [jvm.dll+0x12acb9]
#
# Failed to write core dump. Minidumps are not enabled by default on client versions of Windows
#
# If you would like to submit a bug report, please visit:
#   http://bugreport.java.com/bugreport/crash.jsp
#

---------------  T H R E A D  ---------------

Current thread (0x000000000e8ec800):  JavaThread "localhost-startStop-1" daemon [_thread_in_vm, id=9532, stack(0x000000001e980000,0x000000001ea80000)]

siginfo: ExceptionCode=0xc0000005, reading address 0x00000004024b74e0

Registers:
RAX=0x0000000009caf900, RBX=0x0000000000000000, RCX=0x4f7de9cd86b40000, RDX=0x0000000000000000
RSP=0x000000001ea7cd00, RBP=0x00000004024b74e0, RSI=0x000000000e8ec800, RDI=0x00000000024aee30
R8 =0x0000000000000017, R9 =0x0000000000000017, R10=0x000000000000002b, R11=0x0000000009caf900
R12=0x00000004024b74e0, R13=0x00000000024b1bb0, R14=0x0000000009caf8f0, R15=0x0000000009caf900
RIP=0x000000007109acb9, EFLAGS=0x0000000000010206

Top of Stack: (sp=0x000000001ea7cd00)
0x000000001ea7cd00:   00000004024b74e0 000000007102ee7f
0x000000001ea7cd10:   000000001ea7d080 000000000e8ec800
0x000000001ea7cd20:   0000000009caf8f0 00000000024b1bb0
0x000000001ea7cd30:   00000004024b74e0 000000007102f41e
0x000000001ea7cd40:   0000000000000000 000000000e4e0300
0x000000001ea7cd50:   000000000e8ec800 00000000024aee30
0x000000001ea7cd60:   000000013f866d20 0000000000000000
0x000000001ea7cd70:   0000000000000000 000000000e8ec800
0x000000001ea7cd80:   00000000000003d8 0000000009cafcd8
0x000000001ea7cd90:   000000000e8ec800 000000000e8ec800
0x000000001ea7cda0:   000000013f866d20 000000007102f50c
0x000000001ea7cdb0:   000000001ea7d100 000000013f866d20
0x000000001ea7cdc0:   000000001f01b060 000000001ee5f790
0x000000001ea7cdd0:   000000013f866d20 000000007156833c
0x000000001ea7cde0:   000000000e8ec800 000000000e8ec800
0x000000001ea7cdf0:   0000000000000000 0000000026761368 

Instructions: (pc=0x000000007109acb9)
0x000000007109ac99:   10 48 89 74 24 18 48 89 7c 24 20 41 54 41 55 41
0x000000007109aca9:   56 48 83 ec 20 4d 8b e8 48 8b ea e8 57 b7 ff ff
0x000000007109acb9:   44 0f b7 75 00 45 0f b7 65 00 48 83 c9 ff 48 8b
0x000000007109acc9:   d8 33 c0 45 03 e6 48 8b fb f2 ae 48 f7 d1 44 03 


Register to memory mapping:

RAX=0x0000000009caf900 is an unknown value
RBX=0x0000000000000000 is an unknown value
RCX=0x4f7de9cd86b40000 is an unknown value
RDX=0x0000000000000000 is an unknown value
RSP=0x000000001ea7cd00 is pointing into the stack for thread: 0x000000000e8ec800
RBP=0x00000004024b74e0 is an unknown value
RSI=0x000000000e8ec800 is a thread
RDI=0x00000000024aee30 is an unknown value
R8 =0x0000000000000017 is an unknown value
R9 =0x0000000000000017 is an unknown value
R10=0x000000000000002b is an unknown value
R11=0x0000000009caf900 is an unknown value
R12=0x00000004024b74e0 is an unknown value
R13=0x00000000024b1bb0 is an unknown value
R14=0x0000000009caf8f0 is an unknown value
R15=0x0000000009caf900 is an unknown value


Stack: [0x000000001e980000,0x000000001ea80000],  sp=0x000000001ea7cd00,  free space=1011k
Native frames: (J=compiled Java code, j=interpreted, Vv=VM code, C=native code)
V  [jvm.dll+0x12acb9]
V  [jvm.dll+0xbf41e]
V  [jvm.dll+0xc04d3]
V  [jvm.dll+0xc3822]
V  [jvm.dll+0xc42ca]
V  [jvm.dll+0xc4927]
V  [jvm.dll+0xbd13a]
C  0x000000000f034ecc

Java frames: (J=compiled Java code, j=interpreted, Vv=VM code)
j  com.fasterxml.jackson.databind.introspect.AnnotatedClass._isIncludableField(Ljava/lang/reflect/Field;)Z+1
j  com.fasterxml.jackson.databind.introspect.AnnotatedClass._findFields(Lcom/fasterxml/jackson/databind/JavaType;Lcom/fasterxml/jackson/databind/introspect/TypeResolutionContext;Ljava/util/Map;)Ljava/util/Map;+73
j  com.fasterxml.jackson.databind.introspect.AnnotatedClass.resolveFields()V+7
j  com.fasterxml.jackson.databind.introspect.AnnotatedClass.fields()Ljava/lang/Iterable;+8
j  com.fasterxml.jackson.databind.introspect.POJOPropertiesCollector._addFields(Ljava/util/Map;)V+47
j  com.fasterxml.jackson.databind.introspect.POJOPropertiesCollector.collectAll()V+10
j  com.fasterxml.jackson.databind.introspect.POJOPropertiesCollector.getPropertyMap()Ljava/util/Map;+8
j  com.fasterxml.jackson.databind.introspect.POJOPropertiesCollector.getProperties()Ljava/util/List;+1
j  com.fasterxml.jackson.databind.introspect.BasicBeanDescription._properties()Ljava/util/List;+12
j  com.fasterxml.jackson.databind.introspect.BasicBeanDescription.findProperties()Ljava/util/List;+1
j  springfox.documentation.schema.property.OptimizedModelPropertiesProvider.propertiesFor(Lcom/fasterxml/classmate/ResolvedType;Lspringfox/documentation/spi/schema/contexts/ModelContext;)Ljava/util/List;+14
j  springfox.documentation.schema.property.CachingModelPropertiesProvider$1.load(Lspringfox/documentation/spi/schema/contexts/ModelContext;)Ljava/util/List;+13
j  springfox.documentation.schema.property.CachingModelPropertiesProvider$1.load(Ljava/lang/Object;)Ljava/lang/Object;+5
j  com.google.common.cache.LocalCache$LoadingValueReference.loadFuture(Ljava/lang/Object;Lcom/google/common/cache/CacheLoader;)Lcom/google/common/util/concurrent/ListenableFuture;+24
j  com.google.common.cache.LocalCache$Segment.loadSync(Ljava/lang/Object;ILcom/google/common/cache/LocalCache$LoadingValueReference;Lcom/google/common/cache/CacheLoader;)Ljava/lang/Object;+4
j  com.google.common.cache.LocalCache$Segment.lockedGetOrLoad(Ljava/lang/Object;ILcom/google/common/cache/CacheLoader;)Ljava/lang/Object;+379
j  com.google.common.cache.LocalCache$Segment.get(Ljava/lang/Object;ILcom/google/common/cache/CacheLoader;)Ljava/lang/Object;+138
j  com.google.common.cache.LocalCache.get(Ljava/lang/Object;Lcom/google/common/cache/CacheLoader;)Ljava/lang/Object;+17
j  com.google.common.cache.LocalCache.getOrLoad(Ljava/lang/Object;)Ljava/lang/Object;+6
j  com.google.common.cache.LocalCache$LocalLoadingCache.get(Ljava/lang/Object;)Ljava/lang/Object;+5
j  springfox.documentation.schema.property.CachingModelPropertiesProvider.propertiesFor(Lcom/fasterxml/classmate/ResolvedType;Lspringfox/documentation/spi/schema/contexts/ModelContext;)Ljava/util/List;+5
j  springfox.documentation.schema.DefaultModelProvider.properties(Lspringfox/documentation/spi/schema/contexts/ModelContext;Lcom/fasterxml/classmate/ResolvedType;)Ljava/util/List;+6
j  springfox.documentation.schema.DefaultModelProvider.modelFor(Lspringfox/documentation/spi/schema/contexts/ModelContext;)Lcom/google/common/base/Optional;+84
j  springfox.documentation.schema.CachingModelProvider$1.load(Lspringfox/documentation/spi/schema/contexts/ModelContext;)Lcom/google/common/base/Optional;+5
j  springfox.documentation.schema.CachingModelProvider$1.load(Ljava/lang/Object;)Ljava/lang/Object;+5
j  com.google.common.cache.LocalCache$LoadingValueReference.loadFuture(Ljava/lang/Object;Lcom/google/common/cache/CacheLoader;)Lcom/google/common/util/concurrent/ListenableFuture;+24
j  com.google.common.cache.LocalCache$Segment.loadSync(Ljava/lang/Object;ILcom/google/common/cache/LocalCache$LoadingValueReference;Lcom/google/common/cache/CacheLoader;)Ljava/lang/Object;+4
j  com.google.common.cache.LocalCache$Segment.lockedGetOrLoad(Ljava/lang/Object;ILcom/google/common/cache/CacheLoader;)Ljava/lang/Object;+379
j  com.google.common.cache.LocalCache$Segment.get(Ljava/lang/Object;ILcom/google/common/cache/CacheLoader;)Ljava/lang/Object;+138
j  com.google.common.cache.LocalCache.get(Ljava/lang/Object;Lcom/google/common/cache/CacheLoader;)Ljava/lang/Object;+17
j  com.google.common.cache.LocalCache.getOrLoad(Ljava/lang/Object;)Ljava/lang/Object;+6
j  com.google.common.cache.LocalCache$LocalLoadingCache.get(Ljava/lang/Object;)Ljava/lang/Object;+5
j  springfox.documentation.schema.CachingModelProvider.modelFor(Lspringfox/documentation/spi/schema/contexts/ModelContext;)Lcom/google/common/base/Optional;+5
j  springfox.documentation.spring.web.scanners.ApiModelReader.read(Lspringfox/documentation/spi/service/contexts/RequestMappingContext;)Ljava/util/Map;+76
j  springfox.documentation.spring.web.scanners.ApiListingScanner.scan(Lspringfox/documentation/spring/web/scanners/ApiListingScanningContext;)Lcom/google/common/collect/Multimap;+184
j  springfox.documentation.spring.web.scanners.ApiDocumentationScanner.scan(Lspringfox/documentation/spi/service/contexts/DocumentationContext;)Lspringfox/documentation/service/Documentation;+27
j  springfox.documentation.spring.web.plugins.DocumentationPluginsBootstrapper.scanDocumentation(Lspringfox/documentation/spi/service/contexts/DocumentationContext;)V+9
j  springfox.documentation.spring.web.plugins.DocumentationPluginsBootstrapper.onApplicationEvent(Lorg/springframework/context/event/ContextRefreshedEvent;)V+108
j  springfox.documentation.spring.web.plugins.DocumentationPluginsBootstrapper.onApplicationEvent(Lorg/springframework/context/ApplicationEvent;)V+5
j  org.springframework.context.event.SimpleApplicationEventMulticaster.invokeListener(Lorg/springframework/context/ApplicationListener;Lorg/springframework/context/ApplicationEvent;)V+34
j  org.springframework.context.event.SimpleApplicationEventMulticaster.multicastEvent(Lorg/springframework/context/ApplicationEvent;)V+64
j  org.springframework.context.support.AbstractApplicationContext.publishEvent(Lorg/springframework/context/ApplicationEvent;)V+63
j  org.springframework.context.support.AbstractApplicationContext.finishRefresh()V+22
j  org.springframework.context.support.AbstractApplicationContext.refresh()V+58
j  org.springframework.web.servlet.FrameworkServlet.configureAndRefreshWebApplicationContext(Lorg/springframework/web/context/ConfigurableWebApplicationContext;)V+180
j  org.springframework.web.servlet.FrameworkServlet.createWebApplicationContext(Lorg/springframework/context/ApplicationContext;)Lorg/springframework/web/context/WebApplicationContext;+172
j  org.springframework.web.servlet.FrameworkServlet.createWebApplicationContext(Lorg/springframework/web/context/WebApplicationContext;)Lorg/springframework/web/context/WebApplicationContext;+2
j  org.springframework.web.servlet.FrameworkServlet.initWebApplicationContext()Lorg/springframework/web/context/WebApplicationContext;+79
j  org.springframework.web.servlet.FrameworkServlet.initServletBean()V+90
j  org.springframework.web.servlet.HttpServletBean.init()V+158
j  javax.servlet.GenericServlet.init(Ljavax/servlet/ServletConfig;)V+6
j  org.apache.catalina.core.StandardWrapper.initServlet(Ljavax/servlet/Servlet;)V+89
j  org.apache.catalina.core.StandardWrapper.loadServlet()Ljavax/servlet/Servlet;+363
j  org.apache.catalina.core.StandardWrapper.load()V+2
j  org.apache.catalina.core.StandardContext.loadOnStartup([Lorg/apache/catalina/Container;)V+157
j  org.apache.catalina.core.StandardContext.startInternal()V+1307
j  org.apache.catalina.util.LifecycleBase.start()V+210
j  org.apache.catalina.core.ContainerBase$StartChild.call()Ljava/lang/Void;+4
j  org.apache.catalina.core.ContainerBase$StartChild.call()Ljava/lang/Object;+1
j  java.util.concurrent.FutureTask.run()V+42
j  java.util.concurrent.ThreadPoolExecutor.runWorker(Ljava/util/concurrent/ThreadPoolExecutor$Worker;)V+95
j  java.util.concurrent.ThreadPoolExecutor$Worker.run()V+5
j  java.lang.Thread.run()V+11
v  ~StubRoutines::call_stub

---------------  P R O C E S S  ---------------

Java Threads: ( => current thread )
  0x000000001fcda000 JavaThread "Thread-3" daemon [_thread_in_native, id=6076, stack(0x000000001e690000,0x000000001e790000)]
=>0x000000000e8ec800 JavaThread "localhost-startStop-1" daemon [_thread_in_vm, id=9532, stack(0x000000001e980000,0x000000001ea80000)]
  0x000000000d947000 JavaThread "Tomcat-startStop-1" daemon [_thread_blocked, id=4548, stack(0x0000000009590000,0x0000000009690000)]
  0x0000000009cf9800 JavaThread "Service Thread" daemon [_thread_blocked, id=9580, stack(0x000000000a180000,0x000000000a280000)]
  0x0000000009ced800 JavaThread "C1 CompilerThread2" daemon [_thread_blocked, id=8832, stack(0x000000000a920000,0x000000000aa20000)]
  0x0000000009c88800 JavaThread "C2 CompilerThread1" daemon [_thread_blocked, id=1432, stack(0x000000000a5a0000,0x000000000a6a0000)]
  0x0000000009c86000 JavaThread "C2 CompilerThread0" daemon [_thread_in_native, id=10148, stack(0x000000000a410000,0x000000000a510000)]
  0x0000000009c8d000 JavaThread "Monitor Ctrl-Break" daemon [_thread_in_native, id=2296, stack(0x000000000a2b0000,0x000000000a3b0000)]
  0x0000000009c4c000 JavaThread "Attach Listener" daemon [_thread_blocked, id=6860, stack(0x000000000a050000,0x000000000a150000)]
  0x0000000009c3a800 JavaThread "Signal Dispatcher" daemon [_thread_blocked, id=6432, stack(0x00000000099f0000,0x0000000009af0000)]
  0x0000000008575000 JavaThread "Finalizer" daemon [_thread_blocked, id=5856, stack(0x0000000009b30000,0x0000000009c30000)]
  0x0000000008533800 JavaThread "Reference Handler" daemon [_thread_blocked, id=9804, stack(0x00000000098c0000,0x00000000099c0000)]
  0x000000000242f000 JavaThread "main" [_thread_blocked, id=7288, stack(0x0000000002750000,0x0000000002850000)]

Other Threads:
  0x000000000852c000 VMThread [stack: 0x0000000009690000,0x0000000009790000] [id=800]
  0x0000000009cf5800 WatcherThread [stack: 0x00000000097c0000,0x00000000098c0000] [id=7940]

VM state:not at safepoint (normal execution)

VM Mutex/Monitor currently owned by a thread: None

Heap:
 PSYoungGen      total 423936K, used 147615K [0x00000000d5f00000, 0x00000000f2f00000, 0x0000000100000000)
  eden space 380416K, 38% used [0x00000000d5f00000,0x00000000def27c88,0x00000000ed280000)
  from space 43520K, 0% used [0x00000000efb00000,0x00000000efb00000,0x00000000f2580000)
  to   space 41472K, 0% used [0x00000000ed280000,0x00000000ed280000,0x00000000efb00000)
 ParOldGen       total 155136K, used 54107K [0x0000000081c00000, 0x000000008b380000, 0x00000000d5f00000)
  object space 155136K, 34% used [0x0000000081c00000,0x00000000850d6f28,0x000000008b380000)
 Metaspace       used 53368K, capacity 54238K, committed 54872K, reserved 1097728K
  class space    used 6389K, capacity 6660K, committed 6784K, reserved 1048576K

Card table byte_map: [0x0000000002de0000,0x00000000031e0000] byte_map_base: 0x00000000029d2000

Marking Bits: (ParMarkBitMap*) 0x0000000071793c10
 Begin Bits: [0x0000000003880000, 0x0000000005810000)
 End Bits:   [0x0000000005810000, 0x00000000077a0000)

Polling page: 0x0000000000240000

CodeCache: size=245760Kb used=20003Kb max_used=20019Kb free=225756Kb
 bounds [0x000000000f010000, 0x00000000103b0000, 0x000000001e010000]
 total_blobs=7141 nmethods=6585 adapters=468
 compilation: enabled

Compilation events (10 events):
Event: 22.909 Thread 0x0000000009ced800 7418       1       com.fasterxml.classmate.util.ClassKey::hashCode (5 bytes)
Event: 22.909 Thread 0x0000000009ced800 nmethod 7418 0x0000000010397a10 code [0x0000000010397b60, 0x0000000010397c70]
Event: 22.909 Thread 0x0000000009ced800 7419       1       com.fasterxml.classmate.util.ResolvedTypeCache$Key::hashCode (5 bytes)
Event: 22.909 Thread 0x0000000009ced800 nmethod 7419 0x0000000010397710 code [0x0000000010397860, 0x0000000010397970]
Event: 22.913 Thread 0x0000000009c88800 7420       4       java.lang.ClassLoader::preDefineClass (109 bytes)
Event: 22.989 Thread 0x0000000009c88800 nmethod 7420 0x00000000103a9b50 code [0x00000000103a9d40, 0x00000000103aba78]
Event: 22.989 Thread 0x0000000009c88800 7421       4       java.security.CodeSource::equals (60 bytes)
Event: 22.992 Thread 0x0000000009c88800 nmethod 7421 0x000000001039e5d0 code [0x000000001039e740, 0x000000001039e988]
Event: 22.992 Thread 0x0000000009c88800 7422       4       java.security.CodeSource::matchCerts (254 bytes)
Event: 22.993 Thread 0x0000000009c88800 nmethod 7422 0x000000001039e210 code [0x000000001039e360, 0x000000001039e458]

GC Heap History (10 events):
Event: 13.515 GC heap before
{Heap before GC invocations=11 (full 2):
 PSYoungGen      total 242176K, used 25067K [0x00000000d5f00000, 0x00000000edf00000, 0x0000000100000000)
  eden space 217088K, 0% used [0x00000000d5f00000,0x00000000d5f00000,0x00000000e3300000)
  from space 25088K, 99% used [0x00000000e3300000,0x00000000e4b7ac40,0x00000000e4b80000)
  to   space 37376K, 0% used [0x00000000eba80000,0x00000000eba80000,0x00000000edf00000)
 ParOldGen       total 64512K, used 58399K [0x0000000081c00000, 0x0000000085b00000, 0x00000000d5f00000)
  object space 64512K, 90% used [0x0000000081c00000,0x0000000085507f10,0x0000000085b00000)
 Metaspace       used 29389K, capacity 30048K, committed 30080K, reserved 1075200K
  class space    used 3476K, capacity 3683K, committed 3712K, reserved 1048576K
Event: 13.890 GC heap after
Heap after GC invocations=11 (full 2):
 PSYoungGen      total 242176K, used 0K [0x00000000d5f00000, 0x00000000edf00000, 0x0000000100000000)
  eden space 217088K, 0% used [0x00000000d5f00000,0x00000000d5f00000,0x00000000e3300000)
  from space 25088K, 0% used [0x00000000e3300000,0x00000000e3300000,0x00000000e4b80000)
  to   space 37376K, 0% used [0x00000000eba80000,0x00000000eba80000,0x00000000edf00000)
 ParOldGen       total 143360K, used 60881K [0x0000000081c00000, 0x000000008a800000, 0x00000000d5f00000)
  object space 143360K, 42% used [0x0000000081c00000,0x0000000085774570,0x000000008a800000)
 Metaspace       used 29389K, capacity 30048K, committed 30080K, reserved 1075200K
  class space    used 3476K, capacity 3683K, committed 3712K, reserved 1048576K
}
Event: 14.806 GC heap before
{Heap before GC invocations=12 (full 2):
 PSYoungGen      total 242176K, used 217088K [0x00000000d5f00000, 0x00000000edf00000, 0x0000000100000000)
  eden space 217088K, 100% used [0x00000000d5f00000,0x00000000e3300000,0x00000000e3300000)
  from space 25088K, 0% used [0x00000000e3300000,0x00000000e3300000,0x00000000e4b80000)
  to   space 37376K, 0% used [0x00000000eba80000,0x00000000eba80000,0x00000000edf00000)
 ParOldGen       total 143360K, used 60881K [0x0000000081c00000, 0x000000008a800000, 0x00000000d5f00000)
  object space 143360K, 42% used [0x0000000081c00000,0x0000000085774570,0x000000008a800000)
 Metaspace       used 29402K, capacity 30058K, committed 30336K, reserved 1075200K
  class space    used 3478K, capacity 3685K, committed 3712K, reserved 1048576K
Event: 14.888 GC heap after
Heap after GC invocations=12 (full 2):
 PSYoungGen      total 323072K, used 34006K [0x00000000d5f00000, 0x00000000edc00000, 0x0000000100000000)
  eden space 288768K, 0% used [0x00000000d5f00000,0x00000000d5f00000,0x00000000e7900000)
  from space 34304K, 99% used [0x00000000eba80000,0x00000000edbb5a80,0x00000000edc00000)
  to   space 41984K, 0% used [0x00000000e8a00000,0x00000000e8a00000,0x00000000eb300000)
 ParOldGen       total 143360K, used 60881K [0x0000000081c00000, 0x000000008a800000, 0x00000000d5f00000)
  object space 143360K, 42% used [0x0000000081c00000,0x0000000085774570,0x000000008a800000)
 Metaspace       used 29402K, capacity 30058K, committed 30336K, reserved 1075200K
  class space    used 3478K, capacity 3685K, committed 3712K, reserved 1048576K
}
Event: 17.313 GC heap before
{Heap before GC invocations=13 (full 2):
 PSYoungGen      total 323072K, used 322774K [0x00000000d5f00000, 0x00000000edc00000, 0x0000000100000000)
  eden space 288768K, 100% used [0x00000000d5f00000,0x00000000e7900000,0x00000000e7900000)
  from space 34304K, 99% used [0x00000000eba80000,0x00000000edbb5a80,0x00000000edc00000)
  to   space 41984K, 0% used [0x00000000e8a00000,0x00000000e8a00000,0x00000000eb300000)
 ParOldGen       total 143360K, used 60881K [0x0000000081c00000, 0x000000008a800000, 0x00000000d5f00000)
  object space 143360K, 42% used [0x0000000081c00000,0x0000000085774570,0x000000008a800000)
 Metaspace       used 39419K, capacity 40160K, committed 40320K, reserved 1085440K
  class space    used 4720K, capacity 4956K, committed 4992K, reserved 1048576K
Event: 17.374 GC heap after
Heap after GC invocations=13 (full 2):
 PSYoungGen      total 348160K, used 28208K [0x00000000d5f00000, 0x00000000f2580000, 0x0000000100000000)
  eden space 306176K, 0% used [0x00000000d5f00000,0x00000000d5f00000,0x00000000e8a00000)
  from space 41984K, 67% used [0x00000000e8a00000,0x00000000ea58c150,0x00000000eb300000)
  to   space 43520K, 0% used [0x00000000efb00000,0x00000000efb00000,0x00000000f2580000)
 ParOldGen       total 143360K, used 64936K [0x0000000081c00000, 0x000000008a800000, 0x00000000d5f00000)
  object space 143360K, 45% used [0x0000000081c00000,0x0000000085b6a280,0x000000008a800000)
 Metaspace       used 39419K, capacity 40160K, committed 40320K, reserved 1085440K
  class space    used 4720K, capacity 4956K, committed 4992K, reserved 1048576K
}
Event: 20.611 GC heap before
{Heap before GC invocations=14 (full 2):
 PSYoungGen      total 348160K, used 278418K [0x00000000d5f00000, 0x00000000f2580000, 0x0000000100000000)
  eden space 306176K, 81% used [0x00000000d5f00000,0x00000000e5358898,0x00000000e8a00000)
  from space 41984K, 67% used [0x00000000e8a00000,0x00000000ea58c150,0x00000000eb300000)
  to   space 43520K, 0% used [0x00000000efb00000,0x00000000efb00000,0x00000000f2580000)
 ParOldGen       total 143360K, used 64936K [0x0000000081c00000, 0x000000008a800000, 0x00000000d5f00000)
  object space 143360K, 45% used [0x0000000081c00000,0x0000000085b6a280,0x000000008a800000)
 Metaspace       used 49056K, capacity 49814K, committed 50136K, reserved 1093632K
  class space    used 5818K, capacity 6072K, committed 6144K, reserved 1048576K
Event: 20.659 GC heap after
Heap after GC invocations=14 (full 2):
 PSYoungGen      total 423936K, used 17298K [0x00000000d5f00000, 0x00000000f2f00000, 0x0000000100000000)
  eden space 380416K, 0% used [0x00000000d5f00000,0x00000000d5f00000,0x00000000ed280000)
  from space 43520K, 39% used [0x00000000efb00000,0x00000000f0be4af8,0x00000000f2580000)
  to   space 41472K, 0% used [0x00000000ed280000,0x00000000ed280000,0x00000000efb00000)
 ParOldGen       total 143360K, used 72652K [0x0000000081c00000, 0x000000008a800000, 0x00000000d5f00000)
  object space 143360K, 50% used [0x0000000081c00000,0x00000000862f31d0,0x000000008a800000)
 Metaspace       used 49056K, capacity 49814K, committed 50136K, reserved 1093632K
  class space    used 5818K, capacity 6072K, committed 6144K, reserved 1048576K
}
Event: 20.659 GC heap before
{Heap before GC invocations=15 (full 3):
 PSYoungGen      total 423936K, used 17298K [0x00000000d5f00000, 0x00000000f2f00000, 0x0000000100000000)
  eden space 380416K, 0% used [0x00000000d5f00000,0x00000000d5f00000,0x00000000ed280000)
  from space 43520K, 39% used [0x00000000efb00000,0x00000000f0be4af8,0x00000000f2580000)
  to   space 41472K, 0% used [0x00000000ed280000,0x00000000ed280000,0x00000000efb00000)
 ParOldGen       total 143360K, used 72652K [0x0000000081c00000, 0x000000008a800000, 0x00000000d5f00000)
  object space 143360K, 50% used [0x0000000081c00000,0x00000000862f31d0,0x000000008a800000)
 Metaspace       used 49056K, capacity 49814K, committed 50136K, reserved 1093632K
  class space    used 5818K, capacity 6072K, committed 6144K, reserved 1048576K
Event: 20.920 GC heap after
Heap after GC invocations=15 (full 3):
 PSYoungGen      total 423936K, used 0K [0x00000000d5f00000, 0x00000000f2f00000, 0x0000000100000000)
  eden space 380416K, 0% used [0x00000000d5f00000,0x00000000d5f00000,0x00000000ed280000)
  from space 43520K, 0% used [0x00000000efb00000,0x00000000efb00000,0x00000000f2580000)
  to   space 41472K, 0% used [0x00000000ed280000,0x00000000ed280000,0x00000000efb00000)
 ParOldGen       total 155136K, used 54107K [0x0000000081c00000, 0x000000008b380000, 0x00000000d5f00000)
  object space 155136K, 34% used [0x0000000081c00000,0x00000000850d6f28,0x000000008b380000)
 Metaspace       used 49056K, capacity 49814K, committed 50136K, reserved 1093632K
  class space    used 5818K, capacity 6072K, committed 6144K, reserved 1048576K
}

Deoptimization events (10 events):
Event: 22.208 Thread 0x000000000e8ec800 Uncommon trap: reason=predicate action=maybe_recompile pc=0x000000001025feb8 method=java.util.AbstractCollection.toArray([Ljava/lang/Object;)[Ljava/lang/Object; @ 49
Event: 22.216 Thread 0x000000000e8ec800 Uncommon trap: reason=array_check action=maybe_recompile pc=0x0000000010282430 method=java.util.AbstractCollection.toArray([Ljava/lang/Object;)[Ljava/lang/Object; @ 119
Event: 22.218 Thread 0x000000000e8ec800 Uncommon trap: reason=array_check action=maybe_recompile pc=0x0000000010282430 method=java.util.AbstractCollection.toArray([Ljava/lang/Object;)[Ljava/lang/Object; @ 119
Event: 22.219 Thread 0x000000000e8ec800 Uncommon trap: reason=array_check action=maybe_recompile pc=0x0000000010282430 method=java.util.AbstractCollection.toArray([Ljava/lang/Object;)[Ljava/lang/Object; @ 119
Event: 22.219 Thread 0x000000000e8ec800 Uncommon trap: reason=array_check action=maybe_recompile pc=0x0000000010282430 method=java.util.AbstractCollection.toArray([Ljava/lang/Object;)[Ljava/lang/Object; @ 119
Event: 22.694 Thread 0x000000000e8ec800 Uncommon trap: reason=class_check action=maybe_recompile pc=0x000000000f2f3a40 method=java.lang.Throwable.<init>(Ljava/lang/String;Ljava/lang/Throwable;)V @ 24
Event: 22.865 Thread 0x000000000e8ec800 Uncommon trap: reason=bimorphic action=maybe_recompile pc=0x000000000f749098 method=java.util.regex.Pattern$7.isSatisfiedBy(I)Z @ 5
Event: 22.865 Thread 0x000000000e8ec800 Uncommon trap: reason=bimorphic action=maybe_recompile pc=0x000000000f749098 method=java.util.regex.Pattern$7.isSatisfiedBy(I)Z @ 5
Event: 22.865 Thread 0x000000000e8ec800 Uncommon trap: reason=bimorphic action=maybe_recompile pc=0x000000000f749098 method=java.util.regex.Pattern$7.isSatisfiedBy(I)Z @ 5
Event: 22.865 Thread 0x000000000e8ec800 Uncommon trap: reason=bimorphic action=maybe_recompile pc=0x000000000f749098 method=java.util.regex.Pattern$7.isSatisfiedBy(I)Z @ 5

Classes redefined (0 events):
No events

Internal exceptions (10 events):
Event: 22.762 Thread 0x000000000e8ec800 Exception <a 'java/lang/ClassNotFoundException': org/springframework/web/servlet/theme/FixedThemeResolverBeanInfo> (0x00000000de3784e8) thrown at [C:\re\workspace\8-2-build-windows-amd64-cygwin\jdk8u172\10810\hotspot\src\share\vm\classfile\systemDictionar
Event: 22.764 Thread 0x000000000e8ec800 Exception <a 'java/lang/ClassNotFoundException': org/springframework/web/servlet/theme/AbstractThemeResolverBeanInfo> (0x00000000de3a4a88) thrown at [C:\re\workspace\8-2-build-windows-amd64-cygwin\jdk8u172\10810\hotspot\src\share\vm\classfile\systemDictio
Event: 22.765 Thread 0x000000000e8ec800 Exception <a 'java/lang/ClassNotFoundException': org/springframework/web/servlet/theme/AbstractThemeResolverCustomizer> (0x00000000de3d1538) thrown at [C:\re\workspace\8-2-build-windows-amd64-cygwin\jdk8u172\10810\hotspot\src\share\vm\classfile\systemDict
Event: 22.770 Thread 0x000000000e8ec800 Exception <a 'java/lang/ClassNotFoundException': org/springframework/web/servlet/theme/FixedThemeResolverCustomizer> (0x00000000de3ff500) thrown at [C:\re\workspace\8-2-build-windows-amd64-cygwin\jdk8u172\10810\hotspot\src\share\vm\classfile\systemDiction
Event: 22.783 Thread 0x000000000e8ec800 Exception <a 'java/lang/ClassNotFoundException': org/springframework/web/servlet/view/DefaultRequestToViewNameTranslatorBeanInfo> (0x00000000de4f1b10) thrown at [C:\re\workspace\8-2-build-windows-amd64-cygwin\jdk8u172\10810\hotspot\src\share\vm\classfile\
Event: 22.784 Thread 0x000000000e8ec800 Exception <a 'java/lang/ClassNotFoundException': org/springframework/web/servlet/view/DefaultRequestToViewNameTranslatorCustomizer> (0x00000000de521fe8) thrown at [C:\re\workspace\8-2-build-windows-amd64-cygwin\jdk8u172\10810\hotspot\src\share\vm\classfil
Event: 22.794 Thread 0x000000000e8ec800 Exception <a 'java/lang/ClassNotFoundException': org/springframework/web/servlet/support/SessionFlashMapManagerBeanInfo> (0x00000000de5d0810) thrown at [C:\re\workspace\8-2-build-windows-amd64-cygwin\jdk8u172\10810\hotspot\src\share\vm\classfile\systemDic
Event: 22.795 Thread 0x000000000e8ec800 Exception <a 'java/lang/ClassNotFoundException': org/springframework/web/servlet/support/AbstractFlashMapManagerBeanInfo> (0x00000000de5fdf90) thrown at [C:\re\workspace\8-2-build-windows-amd64-cygwin\jdk8u172\10810\hotspot\src\share\vm\classfile\systemDi
Event: 22.797 Thread 0x000000000e8ec800 Exception <a 'java/lang/ClassNotFoundException': org/springframework/web/servlet/support/AbstractFlashMapManagerCustomizer> (0x00000000de62bc18) thrown at [C:\re\workspace\8-2-build-windows-amd64-cygwin\jdk8u172\10810\hotspot\src\share\vm\classfile\system
Event: 22.798 Thread 0x000000000e8ec800 Exception <a 'java/lang/ClassNotFoundException': org/springframework/web/servlet/support/SessionFlashMapManagerCustomizer> (0x00000000de660b40) thrown at [C:\re\workspace\8-2-build-windows-amd64-cygwin\jdk8u172\10810\hotspot\src\share\vm\classfile\systemD

Events (10 events):
Event: 22.933 loading class com/fasterxml/jackson/databind/util/ClassUtil$Ctor
Event: 22.933 loading class com/fasterxml/jackson/databind/util/ClassUtil$Ctor done
Event: 22.934 loading class com/fasterxml/jackson/databind/util/ClassUtil$EmptyIterator
Event: 22.934 loading class com/fasterxml/jackson/databind/util/ClassUtil$EmptyIterator done
Event: 22.935 loading class com/fasterxml/jackson/databind/introspect/POJOPropertiesCollector
Event: 22.935 loading class com/fasterxml/jackson/databind/introspect/POJOPropertiesCollector done
Event: 22.938 loading class com/fasterxml/jackson/annotation/JsonIdentityInfo
Event: 22.938 loading class com/fasterxml/jackson/annotation/JsonIdentityInfo done
Event: 22.938 loading class com/fasterxml/jackson/databind/introspect/TypeResolutionContext$Basic
Event: 22.938 loading class com/fasterxml/jackson/databind/introspect/TypeResolutionContext$Basic done


Dynamic libraries:
0x000000013f240000 - 0x000000013f277000 	F:\学习资料\J334-李鑫宏\2019-08-01\jdk1.8.0_172\bin\java.exe
0x00000000776b0000 - 0x000000007784f000 	C:\Windows\SYSTEM32\ntdll.dll
0x0000000077490000 - 0x00000000775af000 	C:\Windows\system32\kernel32.dll
0x000007fefd3f0000 - 0x000007fefd457000 	C:\Windows\system32\KERNELBASE.dll
0x000007feff080000 - 0x000007feff15b000 	C:\Windows\system32\ADVAPI32.dll
0x000007fefdb10000 - 0x000007fefdbaf000 	C:\Windows\system32\msvcrt.dll
0x000007fefd690000 - 0x000007fefd6af000 	C:\Windows\SYSTEM32\sechost.dll
0x000007feff160000 - 0x000007feff28c000 	C:\Windows\system32\RPCRT4.dll
0x00000000775b0000 - 0x00000000776aa000 	C:\Windows\system32\USER32.dll
0x000007feff780000 - 0x000007feff7e7000 	C:\Windows\system32\GDI32.dll
0x000007feff390000 - 0x000007feff39e000 	C:\Windows\system32\LPK.dll
0x000007fefd5c0000 - 0x000007fefd68b000 	C:\Windows\system32\USP10.dll
0x000007fefb630000 - 0x000007fefb825000 	C:\Windows\WinSxS\amd64_microsoft.windows.common-controls_6595b64144ccf1df_6.0.7601.24483_none_e372d88f30fbb845\COMCTL32.dll
0x000007fefedf0000 - 0x000007fefee61000 	C:\Windows\system32\SHLWAPI.dll
0x000007feff050000 - 0x000007feff07e000 	C:\Windows\system32\IMM32.DLL
0x000007fefef40000 - 0x000007feff049000 	C:\Windows\system32\MSCTF.dll
0x000007fefd130000 - 0x000007fefd162000 	C:\Windows\system32\nvinitx.dll
0x000007fefd120000 - 0x000007fefd12c000 	C:\Windows\system32\VERSION.dll
0x000000000f000000 - 0x000000000f006000 	C:\Program Files\NVIDIA Corporation\CoProcManager\detoured.dll
0x000007fef9f90000 - 0x000007fef9fc2000 	C:\Program Files\NVIDIA Corporation\CoProcManager\nvd3d9wrapx.dll
0x000007feff5a0000 - 0x000007feff777000 	C:\Windows\system32\SETUPAPI.dll
0x000007fefd470000 - 0x000007fefd4a6000 	C:\Windows\system32\CFGMGR32.dll
0x000007fefd6b0000 - 0x000007fefd78b000 	C:\Windows\system32\OLEAUT32.dll
0x000007feff3a0000 - 0x000007feff59f000 	C:\Windows\system32\ole32.dll
0x000007fefd5a0000 - 0x000007fefd5ba000 	C:\Windows\system32\DEVOBJ.dll
0x000007fef9f60000 - 0x000007fef9f82000 	C:\Program Files\NVIDIA Corporation\CoProcManager\nvdxgiwrapx.dll
0x0000000078870000 - 0x0000000078942000 	F:\学习资料\J334-李鑫宏\2019-08-01\jdk1.8.0_172\jre\bin\msvcr100.dll
0x0000000070f70000 - 0x0000000071813000 	F:\学习资料\J334-李鑫宏\2019-08-01\jdk1.8.0_172\jre\bin\server\jvm.dll
0x000007fef8040000 - 0x000007fef8049000 	C:\Windows\system32\WSOCK32.dll
0x000007fefeef0000 - 0x000007fefef3d000 	C:\Windows\system32\WS2_32.dll
0x000007fefdb00000 - 0x000007fefdb08000 	C:\Windows\system32\NSI.dll
0x000007fefaf00000 - 0x000007fefaf3b000 	C:\Windows\system32\WINMM.dll
0x0000000077860000 - 0x0000000077867000 	C:\Windows\system32\PSAPI.DLL
0x000000006d5d0000 - 0x000000006d5df000 	F:\学习资料\J334-李鑫宏\2019-08-01\jdk1.8.0_172\jre\bin\verify.dll
0x00000000563f0000 - 0x0000000056419000 	F:\学习资料\J334-李鑫宏\2019-08-01\jdk1.8.0_172\jre\bin\java.dll
0x000000006a1b0000 - 0x000000006a1d3000 	F:\学习资料\J334-李鑫宏\2019-08-01\jdk1.8.0_172\jre\bin\instrument.dll
0x0000000053f20000 - 0x0000000053f36000 	F:\学习资料\J334-李鑫宏\2019-08-01\jdk1.8.0_172\jre\bin\zip.dll
0x000007fefe060000 - 0x000007fefedeb000 	C:\Windows\system32\SHELL32.dll
0x000007fefd210000 - 0x000007fefd21f000 	C:\Windows\system32\profapi.dll
0x000007fef5910000 - 0x000007fef592a000 	E:\Program Files\JetBrains\IntelliJ IDEA 2018.1\bin\breakgen64.dll
0x0000000053f00000 - 0x0000000053f1a000 	F:\学习资料\J334-李鑫宏\2019-08-01\jdk1.8.0_172\jre\bin\net.dll
0x000007fefc900000 - 0x000007fefc955000 	C:\Windows\system32\mswsock.dll
0x000007fefc8f0000 - 0x000007fefc8f7000 	C:\Windows\System32\wship6.dll
0x000007fefca30000 - 0x000007fefca48000 	C:\Windows\system32\CRYPTSP.dll
0x000007fefc660000 - 0x000007fefc6a7000 	C:\Windows\system32\rsaenh.dll
0x000007fefd4c0000 - 0x000007fefd4df000 	C:\Windows\system32\USERENV.dll
0x000007fefd050000 - 0x000007fefd05f000 	C:\Windows\system32\CRYPTBASE.dll
0x000007fef9280000 - 0x000007fef92a7000 	C:\Windows\system32\IPHLPAPI.DLL
0x000007fef9270000 - 0x000007fef927b000 	C:\Windows\system32\WINNSI.DLL
0x000007fef9100000 - 0x000007fef9118000 	C:\Windows\system32\dhcpcsvc.DLL
0x000007fef90e0000 - 0x000007fef90f1000 	C:\Windows\system32\dhcpcsvc6.DLL
0x0000000053ee0000 - 0x0000000053ef1000 	F:\学习资料\J334-李鑫宏\2019-08-01\jdk1.8.0_172\jre\bin\nio.dll
0x000007fef6f80000 - 0x000007fef6f8a000 	C:\Users\Administrator\AppData\Local\Temp\jansi-1.17.1-3812090411928172653.dll
0x000007fef58d0000 - 0x000007fef58da000 	C:\Users\Administrator\AppData\Local\Temp\jansi-1.17.1-4730141675900333988.dll
0x000000006d5c0000 - 0x000000006d5cd000 	F:\学习资料\J334-李鑫宏\2019-08-01\jdk1.8.0_172\jre\bin\management.dll
0x000007fefc310000 - 0x000007fefc317000 	C:\Windows\System32\wshtcpip.dll
0x000007fefc780000 - 0x000007fefc7db000 	C:\Windows\system32\DNSAPI.dll
0x000000006f620000 - 0x000000006f646000 	C:\Program Files\Bonjour\mdnsNSP.dll
0x000007fef57f0000 - 0x000007fef57f8000 	C:\Windows\system32\rasadhlp.dll
0x000007fef9120000 - 0x000007fef9173000 	C:\Windows\System32\fwpuclnt.dll
0x000007fef72b0000 - 0x000007fef73d5000 	C:\Windows\system32\dbghelp.dll

VM Arguments:
jvm_args: -Dmaven.multiModuleProjectDirectory=F:\学习资料\334Itrip\itripbackend\itripauth -Dmaven.home=D:\334-Maven\apache-maven-3.6.1 -Dclassworlds.conf=D:\334-Maven\apache-maven-3.6.1\bin\m2.conf -javaagent:E:\Program Files\JetBrains\IntelliJ IDEA 2018.1\lib\idea_rt.jar=50723:E:\Program Files\JetBrains\IntelliJ IDEA 2018.1\bin -Dfile.encoding=UTF-8 
java_command: org.codehaus.classworlds.Launcher -Didea.version=2018.1 -s D:\334-Maven\apache-maven-3.6.1\conf\settings.xml -Dmaven.repo.local=D:\334-Maven\Maven-data tomcat7:run
java_class_path (initial): D:\334-Maven\apache-maven-3.6.1\boot\plexus-classworlds-2.6.0.jar;E:\Program Files\JetBrains\IntelliJ IDEA 2018.1\lib\idea_rt.jar
Launcher Type: SUN_STANDARD

Environment Variables:
JAVA_HOME=F:\学习资料\J334-李鑫宏\2019-08-01\jdk1.8.0_172
PATH=E:\Program Files (x86)\NetSarang\Xshell 6\;D:\334-Maven\apache-maven-3.6.1\bin;E:\mysql-5.7.16-winx64\bin;F:\学习资料\JDK1.7\bin;C:\Program Files\Java\jdk1.8.0_172\bin;C:\Program Files\Java\jdk1.8.0_172\bin;C:\Program Files\Java\jdk1.8.0_172\bin\C:\Program Files (x86)\Common Files\Oracle\Java\javapath;C:\Windows\system32;C:\Windows;C:\Windows\System32\Wbem;C:\Windows\System32\WindowsPowerShell\v1.0\;F:;C:\Program Files\IDM Computer Solutions\UltraCompare;C:\Program Files\MySQL\MySQL Utilities 1.6\;C:\Program Files\TortoiseSVN\bin
USERNAME=Administrator
OS=Windows_NT
PROCESSOR_IDENTIFIER=Intel64 Family 6 Model 69 Stepping 1, GenuineIntel



---------------  S Y S T E M  ---------------

OS: Windows 7 , 64 bit Build 7601 (6.1.7601.24499)

CPU:total 4 (initial active 4) (2 cores per cpu, 2 threads per core) family 6 model 69 stepping 1, cmov, cx8, fxsr, mmx, sse, sse2, sse3, ssse3, sse4.1, sse4.2, popcnt, avx, avx2, aes, clmul, erms, lzcnt, ht, tsc, tscinvbit, bmi1, bmi2

Memory: 4k page, physical 8268920k(2972060k free), swap 16535940k(9669840k free)

vm_info: Java HotSpot(TM) 64-Bit Server VM (25.172-b11) for windows-amd64 JRE (1.8.0_172-b11), built on Mar 28 2018 21:21:52 by "java_re" with MS VC++ 10.0 (VS2010)

time: Sat Aug 10 21:08:01 2019
elapsed time: 23 seconds (0d 0h 0m 23s)

